<?xml version="1.0" encoding="UTF-8"?>
<!-- Generated by org.testng.reporters.JUnitReportReporter -->
<testsuite hostname="DESKTOP-42ESNCU" failures="0" tests="1" name="restPrograms.GetuserDetailsstatusline" time="1.397" errors="0" timestamp="2024-07-01T08:12:35 IST" skipped="0">
  <testcase classname="restPrograms.GetuserDetailsstatusline" name="GetuserDetails" time="1.397"/>
</testsuite> <!-- restPrograms.GetuserDetailsstatusline -->
