<?xml version="1.0" encoding="UTF-8"?>
<!-- Generated by org.testng.reporters.JUnitReportReporter -->
<testsuite hostname="DESKTOP-42ESNCU" failures="0" tests="1" name="restPrograms.CheckMessageBody" time="1.399" errors="0" timestamp="2024-07-01T08:10:42 IST" skipped="0">
  <testcase classname="restPrograms.CheckMessageBody" name="userMessageBody" time="1.399"/>
</testsuite> <!-- restPrograms.CheckMessageBody -->
