<?xml version="1.0" encoding="UTF-8"?>
<!-- Generated by org.testng.reporters.JUnitReportReporter -->
<testsuite hostname="DESKTOP-42ESNCU" failures="0" tests="1" name="restPrograms.QueryParam" time="1.975" errors="0" timestamp="2024-07-01T08:13:38 IST" skipped="0">
  <testcase classname="restPrograms.QueryParam" name="queryParameter" time="1.975"/>
</testsuite> <!-- restPrograms.QueryParam -->
