<?xml version="1.0" encoding="UTF-8"?>
<!-- Generated by org.testng.reporters.JUnitReportReporter -->
<testsuite hostname="DESKTOP-42ESNCU" failures="0" tests="3" name="restPrograms.HTTPRequests" time="3.519" errors="0" timestamp="2024-07-01T08:13:20 IST" skipped="0">
  <testcase classname="restPrograms.HTTPRequests" name="createUser" time="2.509"/>
  <testcase classname="restPrograms.HTTPRequests" name="updateUser" time="0.539"/>
  <testcase classname="restPrograms.HTTPRequests" name="deleteUser" time="0.471"/>
</testsuite> <!-- restPrograms.HTTPRequests -->
