<?xml version="1.0" encoding="UTF-8"?>
<!-- Generated by org.testng.reporters.JUnitReportReporter -->
<testsuite hostname="DESKTOP-42ESNCU" failures="0" tests="2" name="restPrograms.HeadersDemo" time="1.471" errors="0" timestamp="2024-07-01T08:13:05 IST" skipped="1">
  <testcase classname="restPrograms.HeadersDemo" name="ValidateBookHeaders" time="1.471"/>
  <testcase classname="restPrograms.HeadersDemo" name="IteratingHeaders">
    <skipped/>
  </testcase> <!-- IteratingHeaders -->
</testsuite> <!-- restPrograms.HeadersDemo -->
